{
  "0 debug pnpm:scope": {
    "selected": 4,
    "total": 4,
    "workspacePrefix": "/Users/nurdiansyah/workspace/git-repo/project/lc-cashier"
  },
  "1 debug pnpm:package-manifest": {
    "initial": {
      "name": "@deboxsoft/accounting",
      "private": true,
      "version": "1.0.0-0",
      "repository": {
        "type": "git",
        "url": "https://github.com/deboxsoft/accounting"
      },
      "license": "./LICENSE",
      "maintainers": [
        {
          "name": "Nurdiansyah",
          "email": "nur.diansyah.ckt@gmail.com"
        }
      ],
      "scripts": {
        "preinstall": "npx only-allow pnpm",
        "build": "bic",
        "changeset": "changeset",
        "release": "pnpm run build && changeset version && pnpm -r publish"
      },
      "workspaces": {
        "packages": [
          "packages/*"
        ]
      },
      "husky": {
        "hooks": {
          "pre-commit": "lint-staged"
        }
      },
      "lint-staged": {
        "*.{ts,tsx}": [
          "eslint --fix"
        ]
      },
      "renovate": {
        "extends": [
          "config:base",
          "schedule:monthly"
        ],
        "automerge": true,
        "major": {
          "automerge": false
        }
      },
      "devDependencies": {
        "@babel/core": "^7.12.0",
        "@babel/preset-env": "^7.12.0",
        "@nurdiansyah/cpx": "1.5.0",
        "@nurdiansyah/eslint-config-devel": "^7.1.0",
        "@types/nanoid": "^2.1.0",
        "@types/nconf": "^0.10.0",
        "@types/node": "^14.14.20",
        "@typescript-eslint/eslint-plugin": "^4.11.0",
        "@typescript-eslint/parser": "^4.11.0",
        "build-if-changed": "1.5.5",
        "chalk": "4.1.0",
        "cross-env": "^5.2.1",
        "eslint": "^7.4.0",
        "eslint-plugin-prettier": "^3.3.0",
        "execa": "^4.1.0",
        "husky": "^4.3.0",
        "lint-staged": "^10.5.1",
        "npm-run-all": "^4.1.5",
        "nyc": "^15.1.0",
        "plop": "^2.7.4",
        "prettier": "^2.2.1",
        "prettier-plugin-svelte": "^1.0.0",
        "recrawl-sync": "^2.0.0",
        "rimraf": "^3.0.2",
        "rollup": "^2.53.1",
        "ts-node": "^9.1.1",
        "tslib": "^2.1.0",
        "typescript": "~4.2.0"
      }
    },
    "prefix": "/Users/nurdiansyah/workspace/git-repo/project/lc-cashier"
  },
  "2 debug pnpm:package-manifest": {
    "initial": {
      "name": "@deboxsoft/lc-cashier-api",
      "version": "1.0.0",
      "license": "SEE LICENSE IN LICENSE",
      "repository": {
        "type": "git",
        "url": "https://github.com/deboxsoft/lc-cashier",
        "directory": "packages/api"
      },
      "maintainers": [
        {
          "name": "Nurdiansyah",
          "email": "nur.diansyah.ckt@gmail.com"
        }
      ],
      "main": "index.js",
      "module": "index.mjs",
      "types": "types/index.d.ts",
      "exports": {
        ".": {
          "import": "./index.mjs",
          "require": "./index.js"
        }
      },
      "files": [
        "*",
        "!src",
        "!tests"
      ],
      "scripts": {
        "build": "run-p build:*",
        "build:rollup": "rollup -c",
        "build:tsc": "rimraf types clean && tsc",
        "lint": "eslint --fix 'src/**/*.ts'",
        "test": "uvu -r ts-node/register",
        "bump": "pnpm run build && bump",
        "release:patch": "pnpm run bump -- patch -tp && pnpm publish",
        "release:minor": "pnpm run bump -- minor -tp && pnpm publish",
        "release:major": "pnpm run bump -- major -tp && pnpm publish",
        "release:dev": "git add . && pnpm run bump -- -cp prerelease && pnpm publish --tag dev --no-git-checks"
      },
      "publishConfig": {
        "access": "public"
      },
      "dependencies": {
        "mustache": "~4.1.0",
        "performant-array-to-tree": "~1.8.1"
      },
      "devDependencies": {
        "@deboxsoft/module-core": "~2.2.1",
        "@deboxsoft/users-api": "^1.2.0-18",
        "@deboxsoft/zod": "3.0.0",
        "@nurdiansyah/bump": "^6.1.2",
        "@nurdiansyah/rollup": "^1.6.8",
        "@types/mustache": "^4.1.1",
        "ava": "^3.15.0",
        "dayjs": "^1.10.5",
        "npm-run-all": "^4.1.5",
        "rimraf": "^3.0.2",
        "rollup": "^2.51.2",
        "ts-node": "^9.1.1",
        "ts-to-zod": "^1.2.1",
        "tslib": "^2.2.0",
        "typescript": "~4.2.0",
        "utility-types": "^3.10.0",
        "uvu": "^0.5.1"
      },
      "peerDependencies": {
        "@deboxsoft/module-core": "*",
        "@deboxsoft/users-api": "*",
        "dayjs": "*"
      },
      "preferUnplugged": true,
      "gitHead": "b023f06cd22d9b5d6279f3930d90bbfc15186ab2"
    },
    "prefix": "/Users/nurdiansyah/workspace/git-repo/project/lc-cashier/packages/api"
  },
  "3 debug pnpm:package-manifest": {
    "initial": {
      "name": "@deboxsoft/lc-cashier-client",
      "version": "1.0.0",
      "license": "SEE LICENSE IN LICENSE",
      "repository": {
        "type": "git",
        "url": "https://github.com/deboxsoft/lc-cashier",
        "directory": "packages/client"
      },
      "maintainers": [
        {
          "name": "Nurdiansyah",
          "email": "nur.diansyah.ckt@gmail.com"
        }
      ],
      "main": "index.js",
      "module": "index.mjs",
      "types": "types/index.d.ts",
      "exports": {
        ".": {
          "import": "./index.js",
          "require": "./index.cjs"
        }
      },
      "files": [
        "*",
        "!src",
        "!tests"
      ],
      "scripts": {
        "build": "run-p build:rollup build:tsc",
        "build:rollup": "rollup -c",
        "build:tsc": "rimraf types && tsc",
        "lint": "eslint --fix 'src/**/*.ts'",
        "test": "uvu -r ts-node/register",
        "bump": "pnpm run build && bump",
        "release:patch": "pnpm run bump -- patch -tp && pnpm publish",
        "release:minor": "pnpm run bump -- minor -tp && pnpm publish",
        "release:major": "pnpm run bump -- major -tp && pnpm publish",
        "release:dev": "git add . && pnpm run bump -- -cp prerelease && pnpm publish --tag dev --no-git-checks"
      },
      "publishConfig": {
        "access": "public"
      },
      "dependencies": {
        "@deboxsoft/accounting-api": "workspace:~",
        "@graphql-typed-document-node/core": "^3.1.0"
      },
      "devDependencies": {
        "@deboxsoft/module-client": "~2.2.1",
        "@deboxsoft/module-core": "~2.2.1",
        "@deboxsoft/module-graphql": "~2.2.1",
        "@nurdiansyah/bump": "^6.1.2",
        "@nurdiansyah/rollup": "^1.6.8",
        "ava": "^3.15.0",
        "cross-fetch": "^3.1.4",
        "graphql": "^15.4.0",
        "graphql-subscriptions-client": "^0.16.0",
        "graphql-tag": "^2.11.0",
        "npm-run-all": "^4.1.5",
        "rimraf": "^3.0.2",
        "rollup": "^2.51.2",
        "svelte": "^3.31.0",
        "ts-node": "^9.1.1",
        "tslib": "^2.2.0",
        "typescript": "~4.2.0",
        "utility-types": "^3.10.0",
        "uvu": "^0.5.1"
      },
      "peerDependencies": {
        "@deboxsoft/module-client": "*",
        "@deboxsoft/module-core": "*",
        "@deboxsoft/module-graphql": "*",
        "cross-fetch": "*",
        "graphql": "^15.4.0",
        "graphql-subscriptions-client": "*",
        "svelte": "^3.31.0"
      },
      "peerDependenciesMeta": {
        "graphql": {
          "optional": true
        }
      },
      "preferUnplugged": true,
      "gitHead": "b023f06cd22d9b5d6279f3930d90bbfc15186ab2"
    },
    "prefix": "/Users/nurdiansyah/workspace/git-repo/project/lc-cashier/packages/client"
  },
  "4 debug pnpm:package-manifest": {
    "initial": {
      "name": "@deboxsoft/lc-cashier-server",
      "version": "1.0.0",
      "license": "SEE LICENSE IN LICENSE.md",
      "repository": {
        "type": "git",
        "url": "https://github.com/deboxsoft/lc-cashier",
        "directory": "packages/server"
      },
      "maintainers": [
        {
          "name": "Nurdiansyah",
          "email": "nur.diansyah.ckt@gmail.com"
        }
      ],
      "main": "index.js",
      "module": "index.mjs",
      "types": "types/index.d.ts",
      "exports": {
        ".": {
          "import": "./index.mjs",
          "require": "./index.js"
        }
      },
      "files": [
        "*",
        "!src",
        "!tests"
      ],
      "scripts": {
        "build": "run-p build:rollup build:tsc",
        "build:rollup": "rollup -c",
        "build:tsc": "rimraf types && tsc",
        "lint": "eslint --fix 'src/**/*.ts'",
        "test": "uvu -r ts-node/register",
        "bump": "pnpm run build && bump",
        "release:patch": "pnpm run bump -- patch -cp && pnpm publish",
        "release:minor": "pnpm run bump -- minor -cp && pnpm publish",
        "release:major": "pnpm run bump -- major -cp && pnpm publish",
        "release:dev": "git add . && pnpm run bump -- -cp prerelease && pnpm publish --tag dev --no-git-checks"
      },
      "publishConfig": {
        "access": "public"
      },
      "dependencies": {
        "@deboxsoft/accounting-api": "workspace:~",
        "node-cache-manager": "^1.2.0",
        "p-map": "^5.0.0",
        "p-queue": "^6.6.2"
      },
      "devDependencies": {
        "@breejs/later": "^4.0.2",
        "@changesets/cli": "^2.16.0",
        "@deboxsoft/module-core": "~2.2.1",
        "@deboxsoft/module-graphql": "~2.2.1",
        "@deboxsoft/module-mongo": "~2.2.1",
        "@deboxsoft/module-server": "~2.2.1",
        "@graphql-tools/merge": "6.2.5",
        "@graphql-tools/utils": "7.0.2",
        "@nurdiansyah/bump": "^6.1.2",
        "@nurdiansyah/rollup": "^1.6.8",
        "@types/mongodb": "^3.6.18",
        "@types/node": "^14.14.31",
        "ava": "^3.15.0",
        "aws4": "^1.11.0",
        "change-case": "^4.1.2",
        "dayjs": "^1.10.5",
        "graphql": "^15.4.0",
        "mongodb": "^3.6.3",
        "mongodb-client-encryption": "^1.2.5",
        "mongodb-memory-server": "^6.9.3",
        "mqemitter": "^4.4.1",
        "nodemon": "^2.0.7",
        "npm-run-all": "^4.1.5",
        "rimraf": "^3.0.2",
        "rollup": "^2.51.2",
        "ts-node": "^10.0.0",
        "tslib": "^2.2.0",
        "typescript": "~4.2.0",
        "utility-types": "^3.10.0",
        "uvu": "^0.5.1"
      },
      "peerDependencies": {
        "@breejs/later": "*",
        "@deboxsoft/module-core": "*",
        "@deboxsoft/module-graphql": "*",
        "@deboxsoft/module-mongo": "*",
        "@deboxsoft/module-server": "*",
        "@graphql-tools/merge": "6.2.5",
        "@graphql-tools/utils": "7.0.2",
        "day-js": "*",
        "graphql": "^15.4.0",
        "mongodb": "^3.0.0",
        "mqemitter": "*"
      },
      "peerDependenciesMeta": {
        "graphql": {
          "optional": true
        },
        "mongodb": {
          "optional": true
        }
      },
      "preferUnplugged": true,
      "gitHead": "b023f06cd22d9b5d6279f3930d90bbfc15186ab2"
    },
    "prefix": "/Users/nurdiansyah/workspace/git-repo/project/lc-cashier/packages/server"
  },
  "5 debug pnpm:context": {
    "currentLockfileExists": false,
    "storeDir": "/Users/nurdiansyah/.pnpm-store/v3",
    "virtualStoreDir": "/Users/nurdiansyah/workspace/git-repo/project/lc-cashier/node_modules/.pnpm"
  },
  "6 debug pnpm:stage": {
    "prefix": "/Users/nurdiansyah/workspace/git-repo/project/lc-cashier",
    "stage": "resolution_started"
  },
  "7 debug pnpm:_dependency_resolved": {
    "resolution": "registry.npmjs.org/build-if-changed/1.5.5",
    "wanted": {
      "dependentId": ".",
      "name": "build-if-changed",
      "rawSpec": "1.5.5"
    }
  },
  "8 debug pnpm:progress": {
    "packageId": "registry.npmjs.org/build-if-changed/1.5.5",
    "requester": "/Users/nurdiansyah/workspace/git-repo/project/lc-cashier",
    "status": "resolved"
  },
  "9 debug pnpm:_dependency_resolved": {
    "resolution": "registry.npmjs.org/@nurdiansyah/cpx/1.5.0",
    "wanted": {
      "dependentId": ".",
      "name": "@nurdiansyah/cpx",
      "rawSpec": "1.5.0"
    }
  },
  "10 debug pnpm:progress": {
    "packageId": "registry.npmjs.org/@nurdiansyah/cpx/1.5.0",
    "requester": "/Users/nurdiansyah/workspace/git-repo/project/lc-cashier",
    "status": "resolved"
  },
  "11 debug pnpm:_dependency_resolved": {
    "resolution": "registry.npmjs.org/chalk/4.1.0",
    "wanted": {
      "dependentId": ".",
      "name": "chalk",
      "rawSpec": "4.1.0"
    }
  },
  "12 debug pnpm:progress": {
    "packageId": "registry.npmjs.org/chalk/4.1.0",
    "requester": "/Users/nurdiansyah/workspace/git-repo/project/lc-cashier",
    "status": "resolved"
  },
  "13 debug pnpm:progress": {
    "packageId": "registry.npmjs.org/build-if-changed/1.5.5",
    "requester": "/Users/nurdiansyah/workspace/git-repo/project/lc-cashier",
    "status": "found_in_store"
  },
  "14 debug pnpm:progress": {
    "packageId": "registry.npmjs.org/@nurdiansyah/cpx/1.5.0",
    "requester": "/Users/nurdiansyah/workspace/git-repo/project/lc-cashier",
    "status": "found_in_store"
  },
  "15 debug pnpm:progress": {
    "packageId": "registry.npmjs.org/chalk/4.1.0",
    "requester": "/Users/nurdiansyah/workspace/git-repo/project/lc-cashier",
    "status": "found_in_store"
  },
  "16 debug pnpm:_dependency_resolved": {
    "resolution": "registry.npmjs.org/execa/4.1.0",
    "wanted": {
      "dependentId": ".",
      "name": "execa",
      "rawSpec": "^4.1.0"
    }
  },
  "17 debug pnpm:progress": {
    "packageId": "registry.npmjs.org/execa/4.1.0",
    "requester": "/Users/nurdiansyah/workspace/git-repo/project/lc-cashier",
    "status": "resolved"
  },
  "18 debug pnpm:_dependency_resolved": {
    "resolution": "registry.npmjs.org/npm-run-all/4.1.5",
    "wanted": {
      "dependentId": ".",
      "name": "npm-run-all",
      "rawSpec": "^4.1.5"
    }
  },
  "19 debug pnpm:progress": {
    "packageId": "registry.npmjs.org/npm-run-all/4.1.5",
    "requester": "/Users/nurdiansyah/workspace/git-repo/project/lc-cashier",
    "status": "resolved"
  },
  "20 debug pnpm:progress": {
    "packageId": "registry.npmjs.org/execa/4.1.0",
    "requester": "/Users/nurdiansyah/workspace/git-repo/project/lc-cashier",
    "status": "found_in_store"
  },
  "21 debug pnpm:progress": {
    "packageId": "registry.npmjs.org/npm-run-all/4.1.5",
    "requester": "/Users/nurdiansyah/workspace/git-repo/project/lc-cashier",
    "status": "found_in_store"
  },
  "22 debug pnpm:_dependency_resolved": {
    "resolution": "registry.npmjs.org/@babel/core/7.15.0",
    "wanted": {
      "dependentId": ".",
      "name": "@babel/core",
      "rawSpec": "^7.12.0"
    }
  },
  "23 debug pnpm:progress": {
    "packageId": "registry.npmjs.org/@babel/core/7.15.0",
    "requester": "/Users/nurdiansyah/workspace/git-repo/project/lc-cashier",
    "status": "resolved"
  },
  "24 debug pnpm:_dependency_resolved": {
    "resolution": "registry.npmjs.org/prettier-plugin-svelte/1.4.2",
    "wanted": {
      "dependentId": ".",
      "name": "prettier-plugin-svelte",
      "rawSpec": "^1.0.0"
    }
  },
  "25 debug pnpm:progress": {
    "packageId": "registry.npmjs.org/prettier-plugin-svelte/1.4.2",
    "requester": "/Users/nurdiansyah/workspace/git-repo/project/lc-cashier",
    "status": "resolved"
  },
  "26 debug pnpm:progress": {
    "packageId": "registry.npmjs.org/prettier-plugin-svelte/1.4.2",
    "requester": "/Users/nurdiansyah/workspace/git-repo/project/lc-cashier",
    "status": "found_in_store"
  },
  "27 debug pnpm:fetching-progress": {
    "attempt": 1,
    "packageId": "registry.npmjs.org/@babel/core/7.15.0",
    "size": 39639,
    "status": "started"
  },
  "28 debug pnpm:progress": {
    "packageId": "registry.npmjs.org/@babel/core/7.15.0",
    "requester": "/Users/nurdiansyah/workspace/git-repo/project/lc-cashier",
    "status": "fetched"
  },
  "29 debug pnpm:_dependency_resolved": {
    "resolution": "registry.npmjs.org/lint-staged/10.5.4",
    "wanted": {
      "dependentId": ".",
      "name": "lint-staged",
      "rawSpec": "^10.5.1"
    }
  },
  "30 debug pnpm:progress": {
    "packageId": "registry.npmjs.org/lint-staged/10.5.4",
    "requester": "/Users/nurdiansyah/workspace/git-repo/project/lc-cashier",
    "status": "resolved"
  },
  "31 debug pnpm:progress": {
    "packageId": "registry.npmjs.org/lint-staged/10.5.4",
    "requester": "/Users/nurdiansyah/workspace/git-repo/project/lc-cashier",
    "status": "found_in_store"
  },
  "32 debug pnpm:_dependency_resolved": {
    "resolution": "registry.npmjs.org/prettier/2.3.2",
    "wanted": {
      "dependentId": ".",
      "name": "prettier",
      "rawSpec": "^2.2.1"
    }
  },
  "33 debug pnpm:progress": {
    "packageId": "registry.npmjs.org/prettier/2.3.2",
    "requester": "/Users/nurdiansyah/workspace/git-repo/project/lc-cashier",
    "status": "resolved"
  },
  "34 debug pnpm:_dependency_resolved": {
    "resolution": "registry.npmjs.org/plop/2.7.4",
    "wanted": {
      "dependentId": ".",
      "name": "plop",
      "rawSpec": "^2.7.4"
    }
  },
  "35 debug pnpm:progress": {
    "packageId": "registry.npmjs.org/plop/2.7.4",
    "requester": "/Users/nurdiansyah/workspace/git-repo/project/lc-cashier",
    "status": "resolved"
  },
  "36 debug pnpm:progress": {
    "packageId": "registry.npmjs.org/plop/2.7.4",
    "requester": "/Users/nurdiansyah/workspace/git-repo/project/lc-cashier",
    "status": "found_in_store"
  },
  "37 debug pnpm:progress": {
    "packageId": "registry.npmjs.org/prettier/2.3.2",
    "requester": "/Users/nurdiansyah/workspace/git-repo/project/lc-cashier",
    "status": "found_in_store"
  },
  "38 debug pnpm:_dependency_resolved": {
    "resolution": "registry.npmjs.org/recrawl-sync/2.2.1",
    "wanted": {
      "dependentId": ".",
      "name": "recrawl-sync",
      "rawSpec": "^2.0.0"
    }
  },
  "39 debug pnpm:progress": {
    "packageId": "registry.npmjs.org/recrawl-sync/2.2.1",
    "requester": "/Users/nurdiansyah/workspace/git-repo/project/lc-cashier",
    "status": "resolved"
  },
  "40 debug pnpm:progress": {
    "packageId": "registry.npmjs.org/recrawl-sync/2.2.1",
    "requester": "/Users/nurdiansyah/workspace/git-repo/project/lc-cashier",
    "status": "found_in_store"
  },
  "41 debug pnpm:_dependency_resolved": {
    "resolution": "registry.npmjs.org/rimraf/3.0.2",
    "wanted": {
      "dependentId": ".",
      "name": "rimraf",
      "rawSpec": "^3.0.2"
    }
  },
  "42 debug pnpm:progress": {
    "packageId": "registry.npmjs.org/rimraf/3.0.2",
    "requester": "/Users/nurdiansyah/workspace/git-repo/project/lc-cashier",
    "status": "resolved"
  },
  "43 debug pnpm:progress": {
    "packageId": "registry.npmjs.org/rimraf/3.0.2",
    "requester": "/Users/nurdiansyah/workspace/git-repo/project/lc-cashier",
    "status": "found_in_store"
  },
  "44 debug pnpm:_dependency_resolved": {
    "resolution": "registry.npmjs.org/ts-node/9.1.1",
    "wanted": {
      "dependentId": ".",
      "name": "ts-node",
      "rawSpec": "^9.1.1"
    }
  },
  "45 debug pnpm:progress": {
    "packageId": "registry.npmjs.org/ts-node/9.1.1",
    "requester": "/Users/nurdiansyah/workspace/git-repo/project/lc-cashier",
    "status": "resolved"
  },
  "46 debug pnpm:progress": {
    "packageId": "registry.npmjs.org/ts-node/9.1.1",
    "requester": "/Users/nurdiansyah/workspace/git-repo/project/lc-cashier",
    "status": "found_in_store"
  },
  "47 debug pnpm:_dependency_resolved": {
    "resolution": "registry.npmjs.org/tslib/2.3.1",
    "wanted": {
      "dependentId": ".",
      "name": "tslib",
      "rawSpec": "^2.1.0"
    }
  },
  "48 debug pnpm:progress": {
    "packageId": "registry.npmjs.org/tslib/2.3.1",
    "requester": "/Users/nurdiansyah/workspace/git-repo/project/lc-cashier",
    "status": "resolved"
  },
  "49 debug pnpm:_dependency_resolved": {
    "resolution": "registry.npmjs.org/eslint/7.32.0",
    "wanted": {
      "dependentId": ".",
      "name": "eslint",
      "rawSpec": "^7.4.0"
    }
  },
  "50 debug pnpm:progress": {
    "packageId": "registry.npmjs.org/eslint/7.32.0",
    "requester": "/Users/nurdiansyah/workspace/git-repo/project/lc-cashier",
    "status": "resolved"
  },
  "51 debug pnpm:_dependency_resolved": {
    "resolution": "registry.npmjs.org/@types/nanoid/2.1.0",
    "wanted": {
      "dependentId": ".",
      "name": "@types/nanoid",
      "rawSpec": "^2.1.0"
    }
  },
  "52 debug pnpm:progress": {
    "packageId": "registry.npmjs.org/@types/nanoid/2.1.0",
    "requester": "/Users/nurdiansyah/workspace/git-repo/project/lc-cashier",
    "status": "resolved"
  },
  "53 debug pnpm:_dependency_resolved": {
    "resolution": "registry.npmjs.org/@nurdiansyah/eslint-config-devel/7.1.1",
    "wanted": {
      "dependentId": ".",
      "name": "@nurdiansyah/eslint-config-devel",
      "rawSpec": "^7.1.0"
    }
  },
  "54 debug pnpm:progress": {
    "packageId": "registry.npmjs.org/@nurdiansyah/eslint-config-devel/7.1.1",
    "requester": "/Users/nurdiansyah/workspace/git-repo/project/lc-cashier",
    "status": "resolved"
  },
  "55 debug pnpm:_dependency_resolved": {
    "resolution": "registry.npmjs.org/@deboxsoft/zod/3.0.0",
    "wanted": {
      "dependentId": "packages/api",
      "name": "@deboxsoft/zod",
      "rawSpec": "3.0.0"
    }
  },
  "56 debug pnpm:progress": {
    "packageId": "registry.npmjs.org/@deboxsoft/zod/3.0.0",
    "requester": "/Users/nurdiansyah/workspace/git-repo/project/lc-cashier",
    "status": "resolved"
  },
  "57 debug pnpm:progress": {
    "packageId": "registry.npmjs.org/@types/nanoid/2.1.0",
    "requester": "/Users/nurdiansyah/workspace/git-repo/project/lc-cashier",
    "status": "found_in_store"
  },
  "58 debug pnpm:progress": {
    "packageId": "registry.npmjs.org/@nurdiansyah/eslint-config-devel/7.1.1",
    "requester": "/Users/nurdiansyah/workspace/git-repo/project/lc-cashier",
    "status": "found_in_store"
  },
  "59 debug pnpm:progress": {
    "packageId": "registry.npmjs.org/@deboxsoft/zod/3.0.0",
    "requester": "/Users/nurdiansyah/workspace/git-repo/project/lc-cashier",
    "status": "found_in_store"
  },
  "60 debug pnpm:fetching-progress": {
    "attempt": 1,
    "packageId": "registry.npmjs.org/tslib/2.3.1",
    "size": 8041,
    "status": "started"
  },
  "61 debug pnpm:progress": {
    "packageId": "registry.npmjs.org/tslib/2.3.1",
    "requester": "/Users/nurdiansyah/workspace/git-repo/project/lc-cashier",
    "status": "fetched"
  },
  "62 debug pnpm:fetching-progress": {
    "attempt": 1,
    "packageId": "registry.npmjs.org/eslint/7.32.0",
    "size": 672397,
    "status": "started"
  },
  "63 debug pnpm:_dependency_resolved": {
    "resolution": "registry.npmjs.org/nyc/15.1.0",
    "wanted": {
      "dependentId": ".",
      "name": "nyc",
      "rawSpec": "^15.1.0"
    }
  },
  "64 debug pnpm:progress": {
    "packageId": "registry.npmjs.org/nyc/15.1.0",
    "requester": "/Users/nurdiansyah/workspace/git-repo/project/lc-cashier",
    "status": "resolved"
  },
  "65 debug pnpm:progress": {
    "packageId": "registry.npmjs.org/nyc/15.1.0",
    "requester": "/Users/nurdiansyah/workspace/git-repo/project/lc-cashier",
    "status": "found_in_store"
  },
  "66 debug pnpm:_dependency_resolved": {
    "resolution": "registry.npmjs.org/@deboxsoft/users-api/1.2.6",
    "wanted": {
      "dependentId": "packages/api",
      "name": "@deboxsoft/users-api",
      "rawSpec": "^1.2.0-18"
    }
  },
  "67 debug pnpm:progress": {
    "packageId": "registry.npmjs.org/@deboxsoft/users-api/1.2.6",
    "requester": "/Users/nurdiansyah/workspace/git-repo/project/lc-cashier",
    "status": "resolved"
  },
  "68 debug pnpm:progress": {
    "packageId": "registry.npmjs.org/@deboxsoft/users-api/1.2.6",
    "requester": "/Users/nurdiansyah/workspace/git-repo/project/lc-cashier",
    "status": "found_in_store"
  },
  "69 debug pnpm:_dependency_resolved": {
    "resolution": "registry.npmjs.org/@deboxsoft/module-core/2.2.2",
    "wanted": {
      "dependentId": "packages/api",
      "name": "@deboxsoft/module-core",
      "rawSpec": "~2.2.1"
    }
  },
  "70 debug pnpm:progress": {
    "packageId": "registry.npmjs.org/@deboxsoft/module-core/2.2.2",
    "requester": "/Users/nurdiansyah/workspace/git-repo/project/lc-cashier",
    "status": "resolved"
  },
  "71 debug pnpm:progress": {
    "packageId": "registry.npmjs.org/@deboxsoft/module-core/2.2.2",
    "requester": "/Users/nurdiansyah/workspace/git-repo/project/lc-cashier",
    "status": "found_in_store"
  },
  "72 debug pnpm:_dependency_resolved": {
    "resolution": "registry.npmjs.org/@babel/preset-env/7.15.0",
    "wanted": {
      "dependentId": ".",
      "name": "@babel/preset-env",
      "rawSpec": "^7.12.0"
    }
  },
  "73 debug pnpm:progress": {
    "packageId": "registry.npmjs.org/@babel/preset-env/7.15.0",
    "requester": "/Users/nurdiansyah/workspace/git-repo/project/lc-cashier",
    "status": "resolved"
  },
  "74 debug pnpm:_dependency_resolved": {
    "resolution": "registry.npmjs.org/npm-run-all/4.1.5",
    "wanted": {
      "dependentId": "packages/api",
      "name": "npm-run-all",
      "rawSpec": "^4.1.5"
    }
  },
  "75 debug pnpm:_dependency_resolved": {
    "resolution": "registry.npmjs.org/rimraf/3.0.2",
    "wanted": {
      "dependentId": "packages/api",
      "name": "rimraf",
      "rawSpec": "^3.0.2"
    }
  },
  "76 debug pnpm:_dependency_resolved": {
    "resolution": "registry.npmjs.org/@types/mustache/4.1.2",
    "wanted": {
      "dependentId": "packages/api",
      "name": "@types/mustache",
      "rawSpec": "^4.1.1"
    }
  },
  "77 debug pnpm:progress": {
    "packageId": "registry.npmjs.org/@types/mustache/4.1.2",
    "requester": "/Users/nurdiansyah/workspace/git-repo/project/lc-cashier",
    "status": "resolved"
  },
  "78 debug pnpm:fetching-progress": {
    "attempt": 1,
    "packageId": "registry.npmjs.org/@babel/preset-env/7.15.0",
    "size": 11751,
    "status": "started"
  },
  "79 debug pnpm:progress": {
    "packageId": "registry.npmjs.org/@babel/preset-env/7.15.0",
    "requester": "/Users/nurdiansyah/workspace/git-repo/project/lc-cashier",
    "status": "fetched"
  },
  "80 debug pnpm:fetching-progress": {
    "attempt": 1,
    "packageId": "registry.npmjs.org/@types/mustache/4.1.2",
    "size": 4293,
    "status": "started"
  },
  "81 debug pnpm:_dependency_resolved": {
    "resolution": "registry.npmjs.org/ts-node/9.1.1",
    "wanted": {
      "dependentId": "packages/api",
      "name": "ts-node",
      "rawSpec": "^9.1.1"
    }
  },
  "82 debug pnpm:progress": {
    "packageId": "registry.npmjs.org/@types/mustache/4.1.2",
    "requester": "/Users/nurdiansyah/workspace/git-repo/project/lc-cashier",
    "status": "fetched"
  },
  "83 debug pnpm:update-check": {
    "currentVersion": "6.7.1",
    "latestVersion": "6.12.1"
  },
  "84 debug pnpm:_dependency_resolved": {
    "resolution": "registry.npmjs.org/dayjs/1.10.6",
    "wanted": {
      "dependentId": "packages/api",
      "name": "dayjs",
      "rawSpec": "^1.10.5"
    }
  },
  "85 debug pnpm:progress": {
    "packageId": "registry.npmjs.org/dayjs/1.10.6",
    "requester": "/Users/nurdiansyah/workspace/git-repo/project/lc-cashier",
    "status": "resolved"
  },
  "86 debug pnpm:_dependency_resolved": {
    "resolution": "registry.npmjs.org/tslib/2.3.1",
    "wanted": {
      "dependentId": "packages/api",
      "name": "tslib",
      "rawSpec": "^2.2.0"
    }
  },
  "87 debug pnpm:_dependency_resolved": {
    "resolution": "registry.npmjs.org/husky/4.3.8",
    "wanted": {
      "dependentId": ".",
      "name": "husky",
      "rawSpec": "^4.3.0"
    }
  },
  "88 debug pnpm:progress": {
    "packageId": "registry.npmjs.org/husky/4.3.8",
    "requester": "/Users/nurdiansyah/workspace/git-repo/project/lc-cashier",
    "status": "resolved"
  },
  "89 debug pnpm:progress": {
    "packageId": "registry.npmjs.org/husky/4.3.8",
    "requester": "/Users/nurdiansyah/workspace/git-repo/project/lc-cashier",
    "status": "found_in_store"
  },
  "90 debug pnpm:fetching-progress": {
    "attempt": 1,
    "packageId": "registry.npmjs.org/dayjs/1.10.6",
    "size": 134114,
    "status": "started"
  },
  "91 debug pnpm:_dependency_resolved": {
    "resolution": "registry.npmjs.org/cross-env/5.2.1",
    "wanted": {
      "dependentId": ".",
      "name": "cross-env",
      "rawSpec": "^5.2.1"
    }
  },
  "92 debug pnpm:progress": {
    "packageId": "registry.npmjs.org/cross-env/5.2.1",
    "requester": "/Users/nurdiansyah/workspace/git-repo/project/lc-cashier",
    "status": "resolved"
  },
  "93 debug pnpm:progress": {
    "packageId": "registry.npmjs.org/cross-env/5.2.1",
    "requester": "/Users/nurdiansyah/workspace/git-repo/project/lc-cashier",
    "status": "found_in_store"
  },
  "94 debug pnpm:_dependency_resolved": {
    "resolution": "registry.npmjs.org/@nurdiansyah/rollup/1.6.8",
    "wanted": {
      "dependentId": "packages/api",
      "name": "@nurdiansyah/rollup",
      "rawSpec": "^1.6.8"
    }
  },
  "95 debug pnpm:progress": {
    "packageId": "registry.npmjs.org/@nurdiansyah/rollup/1.6.8",
    "requester": "/Users/nurdiansyah/workspace/git-repo/project/lc-cashier",
    "status": "resolved"
  },
  "96 debug pnpm:progress": {
    "packageId": "registry.npmjs.org/@nurdiansyah/rollup/1.6.8",
    "requester": "/Users/nurdiansyah/workspace/git-repo/project/lc-cashier",
    "status": "found_in_store"
  },
  "97 debug pnpm:_dependency_resolved": {
    "resolution": "registry.npmjs.org/ava/3.15.0",
    "wanted": {
      "dependentId": "packages/api",
      "name": "ava",
      "rawSpec": "^3.15.0"
    }
  },
  "98 debug pnpm:progress": {
    "packageId": "registry.npmjs.org/ava/3.15.0",
    "requester": "/Users/nurdiansyah/workspace/git-repo/project/lc-cashier",
    "status": "resolved"
  },
  "99 debug pnpm:_dependency_resolved": {
    "resolution": "registry.npmjs.org/rollup/2.56.2",
    "wanted": {
      "dependentId": ".",
      "name": "rollup",
      "rawSpec": "^2.53.1"
    }
  },
  "100 debug pnpm:progress": {
    "packageId": "registry.npmjs.org/rollup/2.56.2",
    "requester": "/Users/nurdiansyah/workspace/git-repo/project/lc-cashier",
    "status": "resolved"
  },
  "101 debug pnpm:_dependency_resolved": {
    "resolution": "registry.npmjs.org/rollup/2.56.2",
    "wanted": {
      "dependentId": "packages/api",
      "name": "rollup",
      "rawSpec": "^2.51.2"
    }
  },
  "102 debug pnpm:_dependency_resolved": {
    "resolution": "registry.npmjs.org/ts-to-zod/1.4.0",
    "wanted": {
      "dependentId": "packages/api",
      "name": "ts-to-zod",
      "rawSpec": "^1.2.1"
    }
  },
  "103 debug pnpm:progress": {
    "packageId": "registry.npmjs.org/ts-to-zod/1.4.0",
    "requester": "/Users/nurdiansyah/workspace/git-repo/project/lc-cashier",
    "status": "resolved"
  },
  "104 debug pnpm:progress": {
    "packageId": "registry.npmjs.org/ava/3.15.0",
    "requester": "/Users/nurdiansyah/workspace/git-repo/project/lc-cashier",
    "status": "found_in_store"
  },
  "105 debug pnpm:fetching-progress": {
    "attempt": 1,
    "packageId": "registry.npmjs.org/rollup/2.56.2",
    "size": 1091764,
    "status": "started"
  },
  "106 debug pnpm:_dependency_resolved": {
    "resolution": "registry.npmjs.org/mustache/4.1.0",
    "wanted": {
      "dependentId": "packages/api",
      "name": "mustache",
      "rawSpec": "~4.1.0"
    }
  },
  "107 debug pnpm:progress": {
    "packageId": "registry.npmjs.org/mustache/4.1.0",
    "requester": "/Users/nurdiansyah/workspace/git-repo/project/lc-cashier",
    "status": "resolved"
  },
  "108 debug pnpm:progress": {
    "packageId": "registry.npmjs.org/mustache/4.1.0",
    "requester": "/Users/nurdiansyah/workspace/git-repo/project/lc-cashier",
    "status": "found_in_store"
  },
  "109 debug pnpm:_dependency_resolved": {
    "resolution": "registry.npmjs.org/@deboxsoft/module-core/2.2.2",
    "wanted": {
      "dependentId": "packages/client",
      "name": "@deboxsoft/module-core",
      "rawSpec": "~2.2.1"
    }
  },
  "110 debug pnpm:progress": {
    "packageId": "registry.npmjs.org/eslint/7.32.0",
    "requester": "/Users/nurdiansyah/workspace/git-repo/project/lc-cashier",
    "status": "fetched"
  },
  "111 debug pnpm:progress": {
    "packageId": "registry.npmjs.org/dayjs/1.10.6",
    "requester": "/Users/nurdiansyah/workspace/git-repo/project/lc-cashier",
    "status": "fetched"
  },
  "112 debug pnpm:_dependency_resolved": {
    "resolution": "registry.npmjs.org/@nurdiansyah/bump/6.1.2",
    "wanted": {
      "dependentId": "packages/api",
      "name": "@nurdiansyah/bump",
      "rawSpec": "^6.1.2"
    }
  },
  "113 debug pnpm:progress": {
    "packageId": "registry.npmjs.org/@nurdiansyah/bump/6.1.2",
    "requester": "/Users/nurdiansyah/workspace/git-repo/project/lc-cashier",
    "status": "resolved"
  },
  "114 debug pnpm:_dependency_resolved": {
    "resolution": "registry.npmjs.org/@nurdiansyah/bump/6.1.2",
    "wanted": {
      "dependentId": "packages/client",
      "name": "@nurdiansyah/bump",
      "rawSpec": "^6.1.2"
    }
  },
  "115 debug pnpm:_dependency_resolved": {
    "resolution": "registry.npmjs.org/@nurdiansyah/rollup/1.6.8",
    "wanted": {
      "dependentId": "packages/client",
      "name": "@nurdiansyah/rollup",
      "rawSpec": "^1.6.8"
    }
  },
  "116 debug pnpm:_dependency_resolved": {
    "resolution": "registry.npmjs.org/ava/3.15.0",
    "wanted": {
      "dependentId": "packages/client",
      "name": "ava",
      "rawSpec": "^3.15.0"
    }
  },
  "117 debug pnpm:progress": {
    "packageId": "registry.npmjs.org/@nurdiansyah/bump/6.1.2",
    "requester": "/Users/nurdiansyah/workspace/git-repo/project/lc-cashier",
    "status": "found_in_store"
  },
  "118 debug pnpm:_dependency_resolved": {
    "resolution": "registry.npmjs.org/cross-fetch/3.1.4",
    "wanted": {
      "dependentId": "packages/client",
      "name": "cross-fetch",
      "rawSpec": "^3.1.4"
    }
  },
  "119 debug pnpm:progress": {
    "packageId": "registry.npmjs.org/cross-fetch/3.1.4",
    "requester": "/Users/nurdiansyah/workspace/git-repo/project/lc-cashier",
    "status": "resolved"
  },
  "120 debug pnpm:progress": {
    "packageId": "registry.npmjs.org/cross-fetch/3.1.4",
    "requester": "/Users/nurdiansyah/workspace/git-repo/project/lc-cashier",
    "status": "found_in_store"
  },
  "121 debug pnpm:_dependency_resolved": {
    "resolution": "registry.npmjs.org/utility-types/3.10.0",
    "wanted": {
      "dependentId": "packages/api",
      "name": "utility-types",
      "rawSpec": "^3.10.0"
    }
  },
  "122 debug pnpm:progress": {
    "packageId": "registry.npmjs.org/utility-types/3.10.0",
    "requester": "/Users/nurdiansyah/workspace/git-repo/project/lc-cashier",
    "status": "resolved"
  },
  "123 debug pnpm:progress": {
    "packageId": "registry.npmjs.org/utility-types/3.10.0",
    "requester": "/Users/nurdiansyah/workspace/git-repo/project/lc-cashier",
    "status": "found_in_store"
  },
  "124 debug pnpm:_dependency_resolved": {
    "resolution": "registry.npmjs.org/graphql-tag/2.12.5",
    "wanted": {
      "dependentId": "packages/client",
      "name": "graphql-tag",
      "rawSpec": "^2.11.0"
    }
  },
  "125 debug pnpm:progress": {
    "packageId": "registry.npmjs.org/graphql-tag/2.12.5",
    "requester": "/Users/nurdiansyah/workspace/git-repo/project/lc-cashier",
    "status": "resolved"
  },
  "126 debug pnpm:_dependency_resolved": {
    "resolution": "registry.npmjs.org/npm-run-all/4.1.5",
    "wanted": {
      "dependentId": "packages/client",
      "name": "npm-run-all",
      "rawSpec": "^4.1.5"
    }
  },
  "127 debug pnpm:_dependency_resolved": {
    "resolution": "registry.npmjs.org/rimraf/3.0.2",
    "wanted": {
      "dependentId": "packages/client",
      "name": "rimraf",
      "rawSpec": "^3.0.2"
    }
  },
  "128 debug pnpm:_dependency_resolved": {
    "resolution": "registry.npmjs.org/rollup/2.56.2",
    "wanted": {
      "dependentId": "packages/client",
      "name": "rollup",
      "rawSpec": "^2.51.2"
    }
  },
  "129 debug pnpm:progress": {
    "packageId": "registry.npmjs.org/graphql-tag/2.12.5",
    "requester": "/Users/nurdiansyah/workspace/git-repo/project/lc-cashier",
    "status": "found_in_store"
  },
  "130 debug pnpm:fetching-progress": {
    "attempt": 1,
    "packageId": "registry.npmjs.org/ts-to-zod/1.4.0",
    "size": 131438,
    "status": "started"
  },
  "131 debug pnpm:_dependency_resolved": {
    "resolution": "registry.npmjs.org/ts-node/9.1.1",
    "wanted": {
      "dependentId": "packages/client",
      "name": "ts-node",
      "rawSpec": "^9.1.1"
    }
  },
  "132 debug pnpm:_dependency_resolved": {
    "resolution": "registry.npmjs.org/tslib/2.3.1",
    "wanted": {
      "dependentId": "packages/client",
      "name": "tslib",
      "rawSpec": "^2.2.0"
    }
  },
  "133 debug pnpm:progress": {
    "packageId": "registry.npmjs.org/ts-to-zod/1.4.0",
    "requester": "/Users/nurdiansyah/workspace/git-repo/project/lc-cashier",
    "status": "fetched"
  },
  "134 debug pnpm:_dependency_resolved": {
    "resolution": "registry.npmjs.org/svelte/3.42.1",
    "wanted": {
      "dependentId": "packages/client",
      "name": "svelte",
      "rawSpec": "^3.31.0"
    }
  },
  "135 debug pnpm:progress": {
    "packageId": "registry.npmjs.org/svelte/3.42.1",
    "requester": "/Users/nurdiansyah/workspace/git-repo/project/lc-cashier",
    "status": "resolved"
  },
  "136 debug pnpm:_dependency_resolved": {
    "resolution": "registry.npmjs.org/utility-types/3.10.0",
    "wanted": {
      "dependentId": "packages/client",
      "name": "utility-types",
      "rawSpec": "^3.10.0"
    }
  },
  "137 debug pnpm:_dependency_resolved": {
    "resolution": "registry.npmjs.org/@deboxsoft/module-client/2.2.2",
    "wanted": {
      "dependentId": "packages/client",
      "name": "@deboxsoft/module-client",
      "rawSpec": "~2.2.1"
    }
  },
  "138 debug pnpm:progress": {
    "packageId": "registry.npmjs.org/@deboxsoft/module-client/2.2.2",
    "requester": "/Users/nurdiansyah/workspace/git-repo/project/lc-cashier",
    "status": "resolved"
  },
  "139 debug pnpm:progress": {
    "packageId": "registry.npmjs.org/@deboxsoft/module-client/2.2.2",
    "requester": "/Users/nurdiansyah/workspace/git-repo/project/lc-cashier",
    "status": "found_in_store"
  },
  "140 debug pnpm:fetching-progress": {
    "attempt": 1,
    "packageId": "registry.npmjs.org/svelte/3.42.1",
    "size": 1383478,
    "status": "started"
  },
  "141 debug pnpm:_dependency_resolved": {
    "resolution": "registry.npmjs.org/graphql/15.5.1",
    "wanted": {
      "dependentId": "packages/client",
      "name": "graphql",
      "rawSpec": "^15.4.0"
    }
  },
  "142 debug pnpm:progress": {
    "packageId": "registry.npmjs.org/graphql/15.5.1",
    "requester": "/Users/nurdiansyah/workspace/git-repo/project/lc-cashier",
    "status": "resolved"
  },
  "143 error pnpm": {
    "code": "ERR_PNPM_NO_MATCHING_VERSION_INSIDE_WORKSPACE",
    "pkgsStack": [],
    "err": {
      "name": "Error",
      "message": "In ../client: No matching version found for @deboxsoft/accounting-api@* inside the workspace",
      "code": "ERR_PNPM_NO_MATCHING_VERSION_INSIDE_WORKSPACE",
      "stack": "Error: In ../client: No matching version found for @deboxsoft/accounting-api@* inside the workspace\n    at tryResolveFromWorkspace (/Users/nurdiansyah/.npm-packages/lib/node_modules/pnpm/dist/pnpm.cjs:79101:15)\n    at resolveNpm (/Users/nurdiansyah/.npm-packages/lib/node_modules/pnpm/dist/pnpm.cjs:79003:39)\n    at Object.resolve (/Users/nurdiansyah/.npm-packages/lib/node_modules/pnpm/dist/pnpm.cjs:79208:40)\n    at ctx.requestsQueue.add.priority (/Users/nurdiansyah/.npm-packages/lib/node_modules/pnpm/dist/pnpm.cjs:65536:75)\n    at run (/Users/nurdiansyah/.npm-packages/lib/node_modules/pnpm/dist/pnpm.cjs:65288:90)\n    at PQueue._tryToStartAnother (/Users/nurdiansyah/.npm-packages/lib/node_modules/pnpm/dist/pnpm.cjs:65242:13)\n    at PQueue._next (/Users/nurdiansyah/.npm-packages/lib/node_modules/pnpm/dist/pnpm.cjs:65191:14)\n    at run (/Users/nurdiansyah/.npm-packages/lib/node_modules/pnpm/dist/pnpm.cjs:65298:18)\n    at runMicrotasks (<anonymous>)\n    at processTicksAndRejections (internal/process/task_queues.js:95:5)"
    }
  }
}